2025-06-21 21:26:01.727124 - User: Anonymous - Path: GET /admin/login/
2025-06-21 21:26:01.854380 - User: Anonymous - Path: GET /admin/login/
2025-06-21 21:26:02.788219 - User: Anonymous - Path: GET /admin/login/
2025-06-21 21:26:03.241871 - User: Anonymous - Path: GET /admin/login/
2025-06-21 21:53:05.847863 - User: Anonymous - Path: GET /admin/login/
2025-06-21 21:53:06.608232 - User: Anonymous - Path: GET /admin/login/
2025-06-21 21:54:01.541343 - User: meranat9104@gmail.com - Path: GET /api/
2025-06-21 21:54:02.894295 - User: meranat9104@gmail.com - Path: GET /api/conversations/
2025-06-21 22:01:53.544612 - User: Anonymous - Path: GET /admin/login/
2025-06-21 22:01:53.991897 - User: Anonymous - Path: GET /admin/login/
2025-06-21 22:06:18.144656 - User: Anonymous - Path: GET /admin/login/
2025-06-21 22:06:18.284940 - User: Anonymous - Path: GET /admin/login/
2025-06-21 22:06:19.486616 - User: Anonymous - Path: GET /admin/login/
2025-06-21 22:06:19.582210 - User: Anonymous - Path: GET /admin/login/
2025-06-21 22:06:19.972685 - User: Anonymous - Path: GET /admin/login/
2025-06-21 22:06:20.036059 - User: Anonymous - Path: GET /admin/login/
2025-06-21 22:06:20.342085 - User: Anonymous - Path: GET /admin/login/
2025-06-21 22:06:20.443917 - User: Anonymous - Path: GET /admin/login/
2025-06-23 11:51:48.695003 - User: meranat9104@gmail.com - Path: GET /admin/
2025-06-23 11:55:54.744730 - User: meranat9104@gmail.com - Path: GET /api/
2025-06-23 11:55:57.819256 - User: meranat9104@gmail.com - Path: GET /admin/
2025-06-23 11:56:31.098878 - User: meranat9104@gmail.com - Path: GET /admin/
2025-06-23 12:04:25.885471 - User: meranat9104@gmail.com - Path: GET /admin/
2025-06-23 12:04:42.903428 - User: meranat9104@gmail.com - Path: GET /api/
2025-06-23 20:16:52.794103 - User: meranat9104@gmail.com - Path: GET /admin/
2025-06-23 20:16:56.117310 - User: meranat9104@gmail.com - Path: GET /api/
2025-06-23 20:16:56.991235 - User: meranat9104@gmail.com - Path: GET /api/conversations/
2025-06-23 20:17:51.200731 - User: meranat9104@gmail.com - Path: GET /admin/auth/group/
2025-06-23 20:17:51.330892 - User: meranat9104@gmail.com - Path: GET /admin/jsi18n/
2025-06-23 20:17:59.499979 - User: meranat9104@gmail.com - Path: GET /admin/chats/conversation/
2025-06-23 20:17:59.598792 - User: meranat9104@gmail.com - Path: GET /admin/jsi18n/
2025-06-23 20:18:48.120494 - User: meranat9104@gmail.com - Path: GET /admin/chats/message/
2025-06-23 20:18:48.209085 - User: meranat9104@gmail.com - Path: GET /admin/jsi18n/
2025-06-23 20:19:17.444019 - User: meranat9104@gmail.com - Path: GET /admin/chats/user/
2025-06-23 20:19:17.542768 - User: meranat9104@gmail.com - Path: GET /admin/jsi18n/
2025-06-23 20:19:20.471255 - User: meranat9104@gmail.com - Path: GET /admin/chats/user/
2025-06-23 20:19:20.510485 - User: meranat9104@gmail.com - Path: GET /admin/jsi18n/
2025-06-23 20:19:23.779686 - User: meranat9104@gmail.com - Path: GET /api/conversations/
2025-06-23 20:19:27.367050 - User: meranat9104@gmail.com - Path: GET /api/
2025-06-23 20:21:28.472668 - User: meranat9104@gmail.com - Path: GET /admin/chats/user/
2025-06-23 20:21:28.570938 - User: meranat9104@gmail.com - Path: GET /admin/jsi18n/
2025-06-23 20:21:38.168876 - User: meranat9104@gmail.com - Path: GET /admin/
2025-06-23 20:21:42.812281 - User: meranat9104@gmail.com - Path: GET /admin/
2025-06-23 20:21:45.150903 - User: meranat9104@gmail.com - Path: GET /
2025-06-23 20:21:45.178323 - User: meranat9104@gmail.com - Path: GET /api/
2025-06-23 20:21:49.634657 - User: meranat9104@gmail.com - Path: GET /admin/
2025-06-23 20:21:54.960901 - User: meranat9104@gmail.com - Path: GET /api/conversations/
2025-06-23 20:22:20.781422 - User: meranat9104@gmail.com - Path: GET /admin/login/
2025-06-23 20:22:20.805248 - User: meranat9104@gmail.com - Path: GET /admin/
